# JRE version: Java(TM) SE Runtime Environment (8.0_102-b14) (build 1.8.0_102-b14)
# Java VM: Java HotSpot(TM) 64-Bit Server VM (25.102-b14 mixed mode windows-amd64 compressed oops)
Heap:
 PSYoungGen      total 238080K, used 7883K [0x00000000d5e00000, 0x00000000e5a80000, 0x0000000100000000)
  eden space 217600K, 3% used [0x00000000d5e00000,0x00000000d65b2d98,0x00000000e3280000)
  from space 20480K, 0% used [0x00000000e4680000,0x00000000e4680000,0x00000000e5a80000)
  to   space 20480K, 0% used [0x00000000e3280000,0x00000000e3280000,0x00000000e4680000)
 ParOldGen       total 102400K, used 27787K [0x0000000081a00000, 0x0000000087e00000, 0x00000000d5e00000)
  object space 102400K, 27% used [0x0000000081a00000,0x0000000083522f80,0x0000000087e00000)
 Metaspace       used 55368K, capacity 56012K, committed 56448K, reserved 1097728K
  class space    used 7013K, capacity 7207K, committed 7296K, reserved 1048576K
GC Heap History (10 events):
Event: 5.145 GC heap before
{Heap before GC invocations=11 (full 2):
 PSYoungGen      total 163328K, used 12627K [0x00000000d5e00000, 0x00000000e3500000, 0x0000000100000000)
  eden space 148992K, 0% used [0x00000000d5e00000,0x00000000d5e00000,0x00000000def80000)
  from space 14336K, 88% used [0x00000000def80000,0x00000000dfbd4d08,0x00000000dfd80000)
  to   space 15360K, 0% used [0x00000000e2600000,0x00000000e2600000,0x00000000e3500000)
 ParOldGen       total 64000K, used 10189K [0x0000000081a00000, 0x0000000085880000, 0x00000000d5e00000)
  object space 64000K, 15% used [0x0000000081a00000,0x00000000823f3488,0x0000000085880000)
 Metaspace       used 34839K, capacity 35224K, committed 35456K, reserved 1081344K
  class space    used 4275K, capacity 4364K, committed 4480K, reserved 1048576K
Event: 5.248 GC heap after
Heap after GC invocations=11 (full 2):
 PSYoungGen      total 163328K, used 0K [0x00000000d5e00000, 0x00000000e3500000, 0x0000000100000000)
  eden space 148992K, 0% used [0x00000000d5e00000,0x00000000d5e00000,0x00000000def80000)
  from space 14336K, 0% used [0x00000000def80000,0x00000000def80000,0x00000000dfd80000)
  to   space 15360K, 0% used [0x00000000e2600000,0x00000000e2600000,0x00000000e3500000)
 ParOldGen       total 102400K, used 21317K [0x0000000081a00000, 0x0000000087e00000, 0x00000000d5e00000)
  object space 102400K, 20% used [0x0000000081a00000,0x0000000082ed16f0,0x0000000087e00000)
 Metaspace       used 34839K, capacity 35224K, committed 35456K, reserved 1081344K
  class space    used 4275K, capacity 4364K, committed 4480K, reserved 1048576K
}
Event: 6.900 GC heap before
{Heap before GC invocations=12 (full 2):
 PSYoungGen      total 163328K, used 148992K [0x00000000d5e00000, 0x00000000e3500000, 0x0000000100000000)
  eden space 148992K, 100% used [0x00000000d5e00000,0x00000000def80000,0x00000000def80000)
  from space 14336K, 0% used [0x00000000def80000,0x00000000def80000,0x00000000dfd80000)
  to   space 15360K, 0% used [0x00000000e2600000,0x00000000e2600000,0x00000000e3500000)
 ParOldGen       total 102400K, used 21317K [0x0000000081a00000, 0x0000000087e00000, 0x00000000d5e00000)
  object space 102400K, 20% used [0x0000000081a00000,0x0000000082ed16f0,0x0000000087e00000)
 Metaspace       used 44526K, capacity 44934K, committed 45312K, reserved 1089536K
  class space    used 5698K, capacity 5784K, committed 5888K, reserved 1048576K
Event: 6.914 GC heap after
Heap after GC invocations=12 (full 2):
 PSYoungGen      total 196608K, used 13518K [0x00000000d5e00000, 0x00000000e3380000, 0x0000000100000000)
  eden space 182784K, 0% used [0x00000000d5e00000,0x00000000d5e00000,0x00000000e1080000)
  from space 13824K, 97% used [0x00000000e2600000,0x00000000e3333a20,0x00000000e3380000)
  to   space 16896K, 0% used [0x00000000e1280000,0x00000000e1280000,0x00000000e2300000)
 ParOldGen       total 102400K, used 21325K [0x0000000081a00000, 0x0000000087e00000, 0x00000000d5e00000)
  object space 102400K, 20% used [0x0000000081a00000,0x0000000082ed36f0,0x0000000087e00000)
 Metaspace       used 44526K, capacity 44934K, committed 45312K, reserved 1089536K
  class space    used 5698K, capacity 5784K, committed 5888K, reserved 1048576K
}
Event: 29.269 GC heap before
{Heap before GC invocations=13 (full 2):
 PSYoungGen      total 196608K, used 196302K [0x00000000d5e00000, 0x00000000e3380000, 0x0000000100000000)
  eden space 182784K, 100% used [0x00000000d5e00000,0x00000000e1080000,0x00000000e1080000)
  from space 13824K, 97% used [0x00000000e2600000,0x00000000e3333a20,0x00000000e3380000)
  to   space 16896K, 0% used [0x00000000e1280000,0x00000000e1280000,0x00000000e2300000)
 ParOldGen       total 102400K, used 21325K [0x0000000081a00000, 0x0000000087e00000, 0x00000000d5e00000)
  object space 102400K, 20% used [0x0000000081a00000,0x0000000082ed36f0,0x0000000087e00000)
 Metaspace       used 54462K, capacity 55018K, committed 55552K, reserved 1097728K
  class space    used 6905K, capacity 7060K, committed 7168K, reserved 1048576K
Event: 29.289 GC heap after
Heap after GC invocations=13 (full 2):
 PSYoungGen      total 201728K, used 16894K [0x00000000d5e00000, 0x00000000e5a80000, 0x0000000100000000)
  eden space 184832K, 0% used [0x00000000d5e00000,0x00000000d5e00000,0x00000000e1280000)
  from space 16896K, 99% used [0x00000000e1280000,0x00000000e22ffac0,0x00000000e2300000)
  to   space 20480K, 0% used [0x00000000e4680000,0x00000000e4680000,0x00000000e5a80000)
 ParOldGen       total 102400K, used 24205K [0x0000000081a00000, 0x0000000087e00000, 0x00000000d5e00000)
  object space 102400K, 23% used [0x0000000081a00000,0x00000000831a3678,0x0000000087e00000)
 Metaspace       used 54462K, capacity 55018K, committed 55552K, reserved 1097728K
  class space    used 6905K, capacity 7060K, committed 7168K, reserved 1048576K
}
Event: 47.680 GC heap before
{Heap before GC invocations=14 (full 2):
 PSYoungGen      total 201728K, used 42658K [0x00000000d5e00000, 0x00000000e5a80000, 0x0000000100000000)
  eden space 184832K, 13% used [0x00000000d5e00000,0x00000000d7728f58,0x00000000e1280000)
  from space 16896K, 99% used [0x00000000e1280000,0x00000000e22ffac0,0x00000000e2300000)
  to   space 20480K, 0% used [0x00000000e4680000,0x00000000e4680000,0x00000000e5a80000)
 ParOldGen       total 102400K, used 24205K [0x0000000081a00000, 0x0000000087e00000, 0x00000000d5e00000)
  object space 102400K, 23% used [0x0000000081a00000,0x00000000831a3678,0x0000000087e00000)
 Metaspace       used 55357K, capacity 56006K, committed 56448K, reserved 1097728K
  class space    used 7010K, capacity 7205K, committed 7296K, reserved 1048576K
Event: 47.690 GC heap after
Heap after GC invocations=14 (full 2):
 PSYoungGen      total 238080K, used 13178K [0x00000000d5e00000, 0x00000000e5a80000, 0x0000000100000000)
  eden space 217600K, 0% used [0x00000000d5e00000,0x00000000d5e00000,0x00000000e3280000)
  from space 20480K, 64% used [0x00000000e4680000,0x00000000e535ebc8,0x00000000e5a80000)
  to   space 20480K, 0% used [0x00000000e3280000,0x00000000e3280000,0x00000000e4680000)
 ParOldGen       total 102400K, used 24213K [0x0000000081a00000, 0x0000000087e00000, 0x00000000d5e00000)
  object space 102400K, 23% used [0x0000000081a00000,0x00000000831a5678,0x0000000087e00000)
 Metaspace       used 55357K, capacity 56006K, committed 56448K, reserved 1097728K
  class space    used 7010K, capacity 7205K, committed 7296K, reserved 1048576K
}
Event: 47.690 GC heap before
{Heap before GC invocations=15 (full 3):
 PSYoungGen      total 238080K, used 13178K [0x00000000d5e00000, 0x00000000e5a80000, 0x0000000100000000)
  eden space 217600K, 0% used [0x00000000d5e00000,0x00000000d5e00000,0x00000000e3280000)
  from space 20480K, 64% used [0x00000000e4680000,0x00000000e535ebc8,0x00000000e5a80000)
  to   space 20480K, 0% used [0x00000000e3280000,0x00000000e3280000,0x00000000e4680000)
 ParOldGen       total 102400K, used 24213K [0x0000000081a00000, 0x0000000087e00000, 0x00000000d5e00000)
  object space 102400K, 23% used [0x0000000081a00000,0x00000000831a5678,0x0000000087e00000)
 Metaspace       used 55357K, capacity 56006K, committed 56448K, reserved 1097728K
  class space    used 7010K, capacity 7205K, committed 7296K, reserved 1048576K
Event: 47.877 GC heap after
Heap after GC invocations=15 (full 3):
 PSYoungGen      total 238080K, used 0K [0x00000000d5e00000, 0x00000000e5a80000, 0x0000000100000000)
  eden space 217600K, 0% used [0x00000000d5e00000,0x00000000d5e00000,0x00000000e3280000)
  from space 20480K, 0% used [0x00000000e4680000,0x00000000e4680000,0x00000000e5a80000)
  to   space 20480K, 0% used [0x00000000e3280000,0x00000000e3280000,0x00000000e4680000)
 ParOldGen       total 102400K, used 27787K [0x0000000081a00000, 0x0000000087e00000, 0x00000000d5e00000)
  object space 102400K, 27% used [0x0000000081a00000,0x0000000083522f80,0x0000000087e00000)
 Metaspace       used 55357K, capacity 56006K, committed 56448K, reserved 1097728K
  class space    used 7010K, capacity 7205K, committed 7296K, reserved 1048576K
}

